-------------------------------------------------------------------------------
Test set: com.nab.hackthon.HackthonApplicationTests
-------------------------------------------------------------------------------
Tests run: 1, Failures: 0, Errors: 1, Skipped: 0, Time elapsed: 10.62 s <<< FAILURE! - in com.nab.hackthon.HackthonApplicationTests
contextLoads  Time elapsed: 0.007 s  <<< ERROR!
java.lang.IllegalStateException: Failed to load ApplicationContext
Caused by: org.springframework.beans.factory.BeanCreationException: Error creating bean with name 'inMemorySwaggerResourcesProvider' defined in URL [jar:file:/C:/Users/hackathon/.m2/repository/io/springfox/springfox-swagger-common/3.0.0/springfox-swagger-common-3.0.0.jar!/springfox/documentation/swagger/web/InMemorySwaggerResourcesProvider.class]: Bean instantiation via constructor failed; nested exception is org.springframework.beans.BeanInstantiationException: Failed to instantiate [springfox.documentation.swagger.web.InMemorySwaggerResourcesProvider]: Constructor threw exception; nested exception is org.springframework.beans.factory.BeanCreationException: Error creating bean with name 'postsApi' defined in class path resource [com/nab/hackthon/utils/SpringFoxConfig.class]: Bean instantiation via factory method failed; nested exception is org.springframework.beans.BeanInstantiationException: Failed to instantiate [springfox.documentation.spring.web.plugins.Docket]: Factory method 'postsApi' threw exception; nested exception is java.lang.ClassCastException: springfox.documentation.builders.PathSelectors$1 cannot be cast to javafx.beans.value.ObservableBooleanValue
Caused by: org.springframework.beans.BeanInstantiationException: Failed to instantiate [springfox.documentation.swagger.web.InMemorySwaggerResourcesProvider]: Constructor threw exception; nested exception is org.springframework.beans.factory.BeanCreationException: Error creating bean with name 'postsApi' defined in class path resource [com/nab/hackthon/utils/SpringFoxConfig.class]: Bean instantiation via factory method failed; nested exception is org.springframework.beans.BeanInstantiationException: Failed to instantiate [springfox.documentation.spring.web.plugins.Docket]: Factory method 'postsApi' threw exception; nested exception is java.lang.ClassCastException: springfox.documentation.builders.PathSelectors$1 cannot be cast to javafx.beans.value.ObservableBooleanValue
Caused by: org.springframework.beans.factory.BeanCreationException: Error creating bean with name 'postsApi' defined in class path resource [com/nab/hackthon/utils/SpringFoxConfig.class]: Bean instantiation via factory method failed; nested exception is org.springframework.beans.BeanInstantiationException: Failed to instantiate [springfox.documentation.spring.web.plugins.Docket]: Factory method 'postsApi' threw exception; nested exception is java.lang.ClassCastException: springfox.documentation.builders.PathSelectors$1 cannot be cast to javafx.beans.value.ObservableBooleanValue
Caused by: org.springframework.beans.BeanInstantiationException: Failed to instantiate [springfox.documentation.spring.web.plugins.Docket]: Factory method 'postsApi' threw exception; nested exception is java.lang.ClassCastException: springfox.documentation.builders.PathSelectors$1 cannot be cast to javafx.beans.value.ObservableBooleanValue
Caused by: java.lang.ClassCastException: springfox.documentation.builders.PathSelectors$1 cannot be cast to javafx.beans.value.ObservableBooleanValue

